[11/Sep/2018 13:59:14] "GET / HTTP/1.0" 200 82395
[11/Sep/2018 13:59:14] "GET /jsi18n/ HTTP/1.0" 200 7684
[11/Sep/2018 13:59:14] "GET / HTTP/1.0" 200 82395
Not Found: /github/400.woff
[11/Sep/2018 13:59:15] "GET /github/400.woff HTTP/1.0" 404 7198
Not Found: /github/700.woff
[11/Sep/2018 13:59:15] "GET /github/700.woff HTTP/1.0" 404 7198
Not Found: /github/400i.woff
[11/Sep/2018 13:59:15] "GET /github/400i.woff HTTP/1.0" 404 7201
[11/Sep/2018 13:59:23] "GET /TraverMsg/citymsg/ HTTP/1.0" 200 42303
[11/Sep/2018 13:59:23] "GET /jsi18n/ HTTP/1.0" 200 7684
[11/Sep/2018 13:59:24] "GET /TraverMsg/provincemsg/ HTTP/1.0" 200 36525
[11/Sep/2018 13:59:24] "GET /jsi18n/ HTTP/1.0" 200 7684
[11/Sep/2018 13:59:25] "GET /TraverMsg/scenicmsg/ HTTP/1.0" 200 39539
[11/Sep/2018 13:59:25] "GET /jsi18n/ HTTP/1.0" 200 7684
[11/Sep/2018 13:59:28] "GET /ProductDT/productmsg/ HTTP/1.0" 200 34095
[11/Sep/2018 13:59:28] "GET /jsi18n/ HTTP/1.0" 200 7684
[11/Sep/2018 13:59:29] "GET /ProductDT/ticketsmsg/ HTTP/1.0" 200 32561
[11/Sep/2018 13:59:30] "GET /jsi18n/ HTTP/1.0" 200 7684
[11/Sep/2018 13:59:32] "GET /ProductDT/hotelmsg/ HTTP/1.0" 200 34984
[11/Sep/2018 13:59:33] "GET /jsi18n/ HTTP/1.0" 200 7684
[11/Sep/2018 13:59:36] "GET /ProductDT/strategymsg/ HTTP/1.0" 200 34493
[11/Sep/2018 13:59:37] "GET /jsi18n/ HTTP/1.0" 200 7684
[11/Sep/2018 13:59:41] "GET /ProductDT/ticketsmsg/ HTTP/1.0" 200 32561
[11/Sep/2018 13:59:42] "GET /jsi18n/ HTTP/1.0" 200 7684
[11/Sep/2018 13:59:43] "GET /ProductDT/hotelmsg/ HTTP/1.0" 200 34984
[11/Sep/2018 13:59:44] "GET /jsi18n/ HTTP/1.0" 200 7684
[11/Sep/2018 13:59:48] "GET /Account/userprofile/ HTTP/1.0" 200 41281
[11/Sep/2018 13:59:48] "GET /jsi18n/ HTTP/1.0" 200 7684
[11/Sep/2018 13:59:51] "GET /TraverAsk/userask/ HTTP/1.0" 200 36308
[11/Sep/2018 13:59:51] "GET /static/xadmin/vendor/bootstrap-datepicker/css/datepicker.css HTTP/1.0" 304 0
[11/Sep/2018 13:59:52] "GET /jsi18n/ HTTP/1.0" 200 7684
[11/Sep/2018 13:59:52] "GET /static/xadmin/vendor/bootstrap-datepicker/js/bootstrap-datepicker.js HTTP/1.0" 304 0
[11/Sep/2018 13:59:52] "GET /static/xadmin/js/xadmin.widget.datetime.js HTTP/1.0" 304 0
[11/Sep/2018 13:59:56] "GET /ProductDT/supplier/ HTTP/1.0" 200 31971
[11/Sep/2018 13:59:56] "GET /jsi18n/ HTTP/1.0" 200 7684
[11/Sep/2018 13:59:58] "GET /ProductDT/productmsg/ HTTP/1.0" 200 34095
[11/Sep/2018 13:59:58] "GET /jsi18n/ HTTP/1.0" 200 7684
[11/Sep/2018 13:59:59] "GET /ProductDT/ticketsmsg/ HTTP/1.0" 200 32561
[11/Sep/2018 14:00:00] "GET /jsi18n/ HTTP/1.0" 200 7684
